09:18:02:904  INFO 12476 --- [main] com.hmall.HMallApplication               : Starting HMallApplication using Java 11.0.27 on WIN-WFBVDTBBELR with PID 12476 (D:\code\java\hmall\hm-service\target\classes started by ASUS in D:\code\java\hmall)
09:18:02:908 DEBUG 12476 --- [main] com.hmall.HMallApplication               : Running with Spring Boot v2.7.12, Spring v5.3.27
09:18:02:909  INFO 12476 --- [main] com.hmall.HMallApplication               : The following 1 profile is active: "local"
09:18:03:547  INFO 12476 --- [main] .s.d.r.c.RepositoryConfigurationDelegate : Multiple Spring Data modules found, entering strict repository configuration mode
09:18:03:549  INFO 12476 --- [main] .s.d.r.c.RepositoryConfigurationDelegate : Bootstrapping Spring Data Redis repositories in DEFAULT mode.
09:18:03:573  INFO 12476 --- [main] .s.d.r.c.RepositoryConfigurationDelegate : Finished Spring Data repository scanning in 14 ms. Found 0 Redis repository interfaces.
09:18:03:923  INFO 12476 --- [main] o.s.b.w.embedded.tomcat.TomcatWebServer  : Tomcat initialized with port(s): 8080 (http)
09:18:03:930  INFO 12476 --- [main] o.apache.catalina.core.StandardService   : Starting service [Tomcat]
09:18:03:930  INFO 12476 --- [main] org.apache.catalina.core.StandardEngine  : Starting Servlet engine: [Apache Tomcat/9.0.75]
09:18:04:093  INFO 12476 --- [main] o.a.c.c.C.[Tomcat].[localhost].[/]       : Initializing Spring embedded WebApplicationContext
09:18:04:093  INFO 12476 --- [main] w.s.c.ServletWebServerApplicationContext : Root WebApplicationContext: initialization completed in 1154 ms
09:18:05:415  INFO 12476 --- [main] pertySourcedRequestMappingHandlerMapping : Mapped URL path [/v2/api-docs] onto method [springfox.documentation.swagger2.web.Swagger2ControllerWebMvc#getDocumentation(String, HttpServletRequest)]
09:18:05:633  WARN 12476 --- [main] ConfigServletWebServerApplicationContext : Exception encountered during context initialization - cancelling refresh attempt: org.springframework.context.ApplicationContextException: Failed to start bean 'webServerStartStop'; nested exception is org.springframework.boot.web.server.PortInUseException: Port 8080 is already in use
09:18:05:650  INFO 12476 --- [main] o.apache.catalina.core.StandardService   : Stopping service [Tomcat]
09:18:05:659  INFO 12476 --- [main] ConditionEvaluationReportLoggingListener : 

Error starting ApplicationContext. To display the conditions report re-run your application with 'debug' enabled.
09:18:05:676 ERROR 12476 --- [main] o.s.b.d.LoggingFailureAnalysisReporter   : 

***************************
APPLICATION FAILED TO START
***************************

Description:

Web server failed to start. Port 8080 was already in use.

Action:

Identify and stop the process that's listening on port 8080 or configure this application to listen on another port.

